app/build/intermediates/manifest_merge_blame_file/debug/processDebugMainManifest/manifest-merger-blame-debug-report.txt
1<?xml version="1.0" encoding="utf-8"?>
2<manifest xmlns:android="http://schemas.android.com/apk/res/android"
3    package="com.aura.emergency"
4    android:versionCode="1"
5    android:versionName="1.0.0" >
6
7    <uses-sdk
8        android:minSdkVersion="26"
9        android:targetSdkVersion="35" />
10
11    <!-- Permissions -->
12    <uses-permission android:name="android.permission.SEND_SMS" />
12-->src\main\AndroidManifest.xml:6:5-67
12-->src\main\AndroidManifest.xml:6:22-64
13    <uses-permission android:name="android.permission.RECEIVE_SMS" />
13-->src\main\AndroidManifest.xml:7:5-70
13-->src\main\AndroidManifest.xml:7:22-67
14    <uses-permission android:name="android.permission.READ_SMS" />
14-->src\main\AndroidManifest.xml:8:5-67
14-->src\main\AndroidManifest.xml:8:22-64
15    <uses-permission android:name="android.permission.ACCESS_FINE_LOCATION" />
15-->src\main\AndroidManifest.xml:9:5-79
15-->src\main\AndroidManifest.xml:9:22-76
16    <uses-permission android:name="android.permission.ACCESS_COARSE_LOCATION" />
16-->src\main\AndroidManifest.xml:10:5-81
16-->src\main\AndroidManifest.xml:10:22-78
17    <uses-permission android:name="android.permission.ACCESS_BACKGROUND_LOCATION" />
17-->src\main\AndroidManifest.xml:11:5-85
17-->src\main\AndroidManifest.xml:11:22-82
18    <uses-permission android:name="android.permission.FOREGROUND_SERVICE" />
18-->src\main\AndroidManifest.xml:12:5-77
18-->src\main\AndroidManifest.xml:12:22-74
19    <uses-permission android:name="android.permission.FOREGROUND_SERVICE_LOCATION" />
19-->src\main\AndroidManifest.xml:13:5-86
19-->src\main\AndroidManifest.xml:13:22-83
20    <uses-permission android:name="android.permission.POST_NOTIFICATIONS" />
20-->src\main\AndroidManifest.xml:14:5-77
20-->src\main\AndroidManifest.xml:14:22-74
21    <uses-permission android:name="android.permission.VIBRATE" />
21-->src\main\AndroidManifest.xml:15:5-66
21-->src\main\AndroidManifest.xml:15:22-63
22    <uses-permission android:name="android.permission.RECORD_AUDIO" />
22-->src\main\AndroidManifest.xml:16:5-71
22-->src\main\AndroidManifest.xml:16:22-68
23    <uses-permission android:name="android.permission.CALL_PHONE" />
23-->src\main\AndroidManifest.xml:17:5-69
23-->src\main\AndroidManifest.xml:17:22-66
24    <uses-permission android:name="android.permission.READ_CONTACTS" />
24-->src\main\AndroidManifest.xml:18:5-72
24-->src\main\AndroidManifest.xml:18:22-69
25    <uses-permission android:name="android.permission.BLUETOOTH" />
25-->src\main\AndroidManifest.xml:19:5-68
25-->src\main\AndroidManifest.xml:19:22-65
26    <uses-permission android:name="android.permission.BLUETOOTH_CONNECT" />
26-->src\main\AndroidManifest.xml:20:5-76
26-->src\main\AndroidManifest.xml:20:22-73
27    <uses-permission android:name="android.permission.RECEIVE_BOOT_COMPLETED" />
27-->src\main\AndroidManifest.xml:21:5-81
27-->src\main\AndroidManifest.xml:21:22-78
28    <uses-permission android:name="android.permission.WAKE_LOCK" />
28-->src\main\AndroidManifest.xml:22:5-68
28-->src\main\AndroidManifest.xml:22:22-65
29    <uses-permission android:name="android.permission.USE_FULL_SCREEN_INTENT" />
29-->src\main\AndroidManifest.xml:23:5-81
29-->src\main\AndroidManifest.xml:23:22-78
30    <uses-permission android:name="android.permission.BIND_ACCESSIBILITY_SERVICE" />
30-->src\main\AndroidManifest.xml:24:5-25:47
30-->src\main\AndroidManifest.xml:24:22-82
31    <uses-permission android:name="com.google.android.gms.permission.ACTIVITY_RECOGNITION" />
31-->src\main\AndroidManifest.xml:26:5-94
31-->src\main\AndroidManifest.xml:26:22-91
32
33    <!-- Include required permissions for Google Maps API to run. -->
34    <uses-permission android:name="android.permission.ACCESS_NETWORK_STATE" />
34-->[com.google.android.gms:play-services-maps:18.2.0] AndroidManifest.xml:23:5-79
34-->[com.google.android.gms:play-services-maps:18.2.0] AndroidManifest.xml:23:22-76
35    <uses-permission android:name="android.permission.INTERNET" />
35-->[com.google.android.gms:play-services-maps:18.2.0] AndroidManifest.xml:24:5-67
35-->[com.google.android.gms:play-services-maps:18.2.0] AndroidManifest.xml:24:22-64
36
37    <uses-feature
37-->[com.google.android.gms:play-services-maps:18.2.0] AndroidManifest.xml:26:5-28:35
38        android:glEsVersion="0x00020000"
38-->[com.google.android.gms:play-services-maps:18.2.0] AndroidManifest.xml:27:9-41
39        android:required="true" />
39-->[com.google.android.gms:play-services-maps:18.2.0] AndroidManifest.xml:28:9-32
40
41    <queries>
41-->[com.google.android.gms:play-services-maps:18.2.0] AndroidManifest.xml:30:5-34:15
42
43        <!-- Needs to be explicitly declared on Android R+ -->
44        <package android:name="com.google.android.apps.maps" />
44-->[com.google.android.gms:play-services-maps:18.2.0] AndroidManifest.xml:33:9-64
44-->[com.google.android.gms:play-services-maps:18.2.0] AndroidManifest.xml:33:18-61
45    </queries>
46
47    <permission
47-->[androidx.core:core:1.15.0] AndroidManifest.xml:22:5-24:47
48        android:name="com.aura.emergency.DYNAMIC_RECEIVER_NOT_EXPORTED_PERMISSION"
48-->[androidx.core:core:1.15.0] AndroidManifest.xml:23:9-81
49        android:protectionLevel="signature" />
49-->[androidx.core:core:1.15.0] AndroidManifest.xml:24:9-44
50
51    <uses-permission android:name="com.aura.emergency.DYNAMIC_RECEIVER_NOT_EXPORTED_PERMISSION" />
51-->[androidx.core:core:1.15.0] AndroidManifest.xml:26:5-97
51-->[androidx.core:core:1.15.0] AndroidManifest.xml:26:22-94
52    <uses-permission android:name="android.permission.CAMERA" /> <!-- Don't require camera, as this requires a rear camera. This allows it to work on the Nexus 7 -->
52-->[com.journeyapps:zxing-android-embedded:4.3.0] AndroidManifest.xml:22:5-65
52-->[com.journeyapps:zxing-android-embedded:4.3.0] AndroidManifest.xml:22:22-62
53    <uses-feature
53-->[com.journeyapps:zxing-android-embedded:4.3.0] AndroidManifest.xml:25:5-27:36
54        android:name="android.hardware.camera"
54-->[com.journeyapps:zxing-android-embedded:4.3.0] AndroidManifest.xml:26:9-47
55        android:required="false" />
55-->[com.journeyapps:zxing-android-embedded:4.3.0] AndroidManifest.xml:27:9-33
56    <uses-feature
56-->[com.journeyapps:zxing-android-embedded:4.3.0] AndroidManifest.xml:28:5-30:36
57        android:name="android.hardware.camera.front"
57-->[com.journeyapps:zxing-android-embedded:4.3.0] AndroidManifest.xml:29:9-53
58        android:required="false" /> <!-- TODO replace above two with next line after Android 4.2 -->
58-->[com.journeyapps:zxing-android-embedded:4.3.0] AndroidManifest.xml:30:9-33
59    <!-- <uses-feature android:name="android.hardware.camera.any"/> -->
60    <uses-feature
60-->[com.journeyapps:zxing-android-embedded:4.3.0] AndroidManifest.xml:33:5-35:36
61        android:name="android.hardware.camera.autofocus"
61-->[com.journeyapps:zxing-android-embedded:4.3.0] AndroidManifest.xml:34:9-57
62        android:required="false" />
62-->[com.journeyapps:zxing-android-embedded:4.3.0] AndroidManifest.xml:35:9-33
63    <uses-feature
63-->[com.journeyapps:zxing-android-embedded:4.3.0] AndroidManifest.xml:36:5-38:36
64        android:name="android.hardware.camera.flash"
64-->[com.journeyapps:zxing-android-embedded:4.3.0] AndroidManifest.xml:37:9-53
65        android:required="false" />
65-->[com.journeyapps:zxing-android-embedded:4.3.0] AndroidManifest.xml:38:9-33
66    <uses-feature
66-->[com.journeyapps:zxing-android-embedded:4.3.0] AndroidManifest.xml:39:5-41:36
67        android:name="android.hardware.screen.landscape"
67-->[com.journeyapps:zxing-android-embedded:4.3.0] AndroidManifest.xml:40:9-57
68        android:required="false" />
68-->[com.journeyapps:zxing-android-embedded:4.3.0] AndroidManifest.xml:41:9-33
69    <uses-feature
69-->[com.journeyapps:zxing-android-embedded:4.3.0] AndroidManifest.xml:42:5-44:36
70        android:name="android.hardware.wifi"
70-->[com.journeyapps:zxing-android-embedded:4.3.0] AndroidManifest.xml:43:9-45
71        android:required="false" />
71-->[com.journeyapps:zxing-android-embedded:4.3.0] AndroidManifest.xml:44:9-33
72
73    <application
73-->src\main\AndroidManifest.xml:28:5-110:19
74        android:name="com.aura.emergency.AuraApplication"
74-->src\main\AndroidManifest.xml:29:9-40
75        android:allowBackup="true"
75-->src\main\AndroidManifest.xml:30:9-35
76        android:appComponentFactory="androidx.core.app.CoreComponentFactory"
76-->[androidx.core:core:1.15.0] AndroidManifest.xml:28:18-86
77        android:dataExtractionRules="@xml/data_extraction_rules"
77-->src\main\AndroidManifest.xml:31:9-65
78        android:debuggable="true"
79        android:extractNativeLibs="false"
80        android:fullBackupContent="@xml/backup_rules"
80-->src\main\AndroidManifest.xml:32:9-54
81        android:icon="@mipmap/ic_launcher"
81-->src\main\AndroidManifest.xml:33:9-43
82        android:label="@string/app_name"
82-->src\main\AndroidManifest.xml:34:9-41
83        android:roundIcon="@mipmap/ic_launcher_round"
83-->src\main\AndroidManifest.xml:35:9-54
84        android:supportsRtl="true"
84-->src\main\AndroidManifest.xml:36:9-35
85        android:theme="@style/Theme.Aura" >
85-->src\main\AndroidManifest.xml:37:9-42
86
87        <!-- Main Activity -->
88        <activity
88-->src\main\AndroidManifest.xml:40:9-50:20
89            android:name="com.aura.emergency.MainActivity"
89-->src\main\AndroidManifest.xml:41:13-41
90            android:exported="true"
90-->src\main\AndroidManifest.xml:42:13-36
91            android:label="@string/app_name"
91-->src\main\AndroidManifest.xml:43:13-45
92            android:screenOrientation="portrait"
92-->src\main\AndroidManifest.xml:45:13-49
93            android:theme="@style/Theme.Aura" >
93-->src\main\AndroidManifest.xml:44:13-46
94            <intent-filter>
94-->src\main\AndroidManifest.xml:46:13-49:29
95                <action android:name="android.intent.action.MAIN" />
95-->src\main\AndroidManifest.xml:47:17-69
95-->src\main\AndroidManifest.xml:47:25-66
96
97                <category android:name="android.intent.category.LAUNCHER" />
97-->src\main\AndroidManifest.xml:48:17-77
97-->src\main\AndroidManifest.xml:48:27-74
98            </intent-filter>
99        </activity>
100
101        <!-- Full Screen Alert Activity -->
102        <activity
102-->src\main\AndroidManifest.xml:53:9-59:47
103            android:name="com.aura.emergency.ui.alert.AlertReceivedActivity"
103-->src\main\AndroidManifest.xml:54:13-59
104            android:exported="false"
104-->src\main\AndroidManifest.xml:55:13-37
105            android:launchMode="singleTask"
105-->src\main\AndroidManifest.xml:59:13-44
106            android:showOnLockScreen="true"
106-->src\main\AndroidManifest.xml:56:13-44
107            android:theme="@style/Theme.Aura.FullScreen"
107-->src\main\AndroidManifest.xml:58:13-57
108            android:turnScreenOn="true" />
108-->src\main\AndroidManifest.xml:57:13-40
109
110        <!-- Foreground Services -->
111        <service
111-->src\main\AndroidManifest.xml:62:9-66:56
112            android:name="com.aura.emergency.service.AlertService"
112-->src\main\AndroidManifest.xml:63:13-49
113            android:enabled="true"
113-->src\main\AndroidManifest.xml:64:13-35
114            android:exported="false"
114-->src\main\AndroidManifest.xml:65:13-37
115            android:foregroundServiceType="location" />
115-->src\main\AndroidManifest.xml:66:13-53
116        <service
116-->src\main\AndroidManifest.xml:68:9-72:56
117            android:name="com.aura.emergency.service.LocationService"
117-->src\main\AndroidManifest.xml:69:13-52
118            android:enabled="true"
118-->src\main\AndroidManifest.xml:70:13-35
119            android:exported="false"
119-->src\main\AndroidManifest.xml:71:13-37
120            android:foregroundServiceType="location" />
120-->src\main\AndroidManifest.xml:72:13-53
121
122        <!-- Accessibility Service -->
123        <service
123-->src\main\AndroidManifest.xml:75:9-85:19
124            android:name="com.aura.emergency.service.AccessibilityTriggerService"
124-->src\main\AndroidManifest.xml:76:13-64
125            android:exported="false"
125-->src\main\AndroidManifest.xml:78:13-37
126            android:permission="android.permission.BIND_ACCESSIBILITY_SERVICE" >
126-->src\main\AndroidManifest.xml:77:13-79
127            <intent-filter>
127-->src\main\AndroidManifest.xml:79:13-81:29
128                <action android:name="android.accessibilityservice.AccessibilityService" />
128-->src\main\AndroidManifest.xml:80:17-92
128-->src\main\AndroidManifest.xml:80:25-89
129            </intent-filter>
130
131            <meta-data
131-->src\main\AndroidManifest.xml:82:13-84:72
132                android:name="android.accessibilityservice"
132-->src\main\AndroidManifest.xml:83:17-60
133                android:resource="@xml/accessibility_service_config" />
133-->src\main\AndroidManifest.xml:84:17-69
134        </service>
135
136        <!-- Broadcast Receivers -->
137        <receiver
137-->src\main\AndroidManifest.xml:88:9-95:20
138            android:name="com.aura.emergency.receiver.SmsReceiver"
138-->src\main\AndroidManifest.xml:89:13-49
139            android:exported="true"
139-->src\main\AndroidManifest.xml:90:13-36
140            android:permission="android.permission.BROADCAST_SMS" >
140-->src\main\AndroidManifest.xml:91:13-66
141            <intent-filter android:priority="999" >
141-->src\main\AndroidManifest.xml:92:13-94:29
141-->src\main\AndroidManifest.xml:92:28-50
142                <action android:name="android.provider.Telephony.SMS_RECEIVED" />
142-->src\main\AndroidManifest.xml:93:17-82
142-->src\main\AndroidManifest.xml:93:25-79
143            </intent-filter>
144        </receiver>
145        <receiver
145-->src\main\AndroidManifest.xml:97:9-104:20
146            android:name="com.aura.emergency.receiver.BootReceiver"
146-->src\main\AndroidManifest.xml:98:13-50
147            android:exported="true" >
147-->src\main\AndroidManifest.xml:99:13-36
148            <intent-filter>
148-->src\main\AndroidManifest.xml:100:13-103:29
149                <action android:name="android.intent.action.BOOT_COMPLETED" />
149-->src\main\AndroidManifest.xml:101:17-79
149-->src\main\AndroidManifest.xml:101:25-76
150                <action android:name="android.intent.action.QUICKBOOT_POWERON" />
150-->src\main\AndroidManifest.xml:102:17-82
150-->src\main\AndroidManifest.xml:102:25-79
151            </intent-filter>
152        </receiver>
153        <receiver
153-->src\main\AndroidManifest.xml:106:9-108:40
154            android:name="com.aura.emergency.receiver.GeofenceBroadcastReceiver"
154-->src\main\AndroidManifest.xml:107:13-63
155            android:exported="false" />
155-->src\main\AndroidManifest.xml:108:13-37
156
157        <!-- Needs to be explicitly declared on P+ -->
158        <uses-library
158-->[com.google.android.gms:play-services-maps:18.2.0] AndroidManifest.xml:39:9-41:40
159            android:name="org.apache.http.legacy"
159-->[com.google.android.gms:play-services-maps:18.2.0] AndroidManifest.xml:40:13-50
160            android:required="false" />
160-->[com.google.android.gms:play-services-maps:18.2.0] AndroidManifest.xml:41:13-37
161
162        <activity
162-->[com.google.android.gms:play-services-base:18.1.0] AndroidManifest.xml:20:9-22:45
163            android:name="com.google.android.gms.common.api.GoogleApiActivity"
163-->[com.google.android.gms:play-services-base:18.1.0] AndroidManifest.xml:20:19-85
164            android:exported="false"
164-->[com.google.android.gms:play-services-base:18.1.0] AndroidManifest.xml:22:19-43
165            android:theme="@android:style/Theme.Translucent.NoTitleBar" />
165-->[com.google.android.gms:play-services-base:18.1.0] AndroidManifest.xml:21:19-78
166
167        <meta-data
167-->[com.google.android.gms:play-services-basement:18.1.0] AndroidManifest.xml:21:9-23:69
168            android:name="com.google.android.gms.version"
168-->[com.google.android.gms:play-services-basement:18.1.0] AndroidManifest.xml:22:13-58
169            android:value="@integer/google_play_services_version" />
169-->[com.google.android.gms:play-services-basement:18.1.0] AndroidManifest.xml:23:13-66
170
171        <activity
171-->[androidx.compose.ui:ui-test-manifest:1.9.0] AndroidManifest.xml:23:9-26:79
172            android:name="androidx.activity.ComponentActivity"
172-->[androidx.compose.ui:ui-test-manifest:1.9.0] AndroidManifest.xml:24:13-63
173            android:exported="true"
173-->[androidx.compose.ui:ui-test-manifest:1.9.0] AndroidManifest.xml:25:13-36
174            android:theme="@android:style/Theme.Material.Light.NoActionBar" />
174-->[androidx.compose.ui:ui-test-manifest:1.9.0] AndroidManifest.xml:26:13-76
175
176        <provider
176-->[androidx.emoji2:emoji2:1.4.0] AndroidManifest.xml:24:9-32:20
177            android:name="androidx.startup.InitializationProvider"
177-->[androidx.emoji2:emoji2:1.4.0] AndroidManifest.xml:25:13-67
178            android:authorities="com.aura.emergency.androidx-startup"
178-->[androidx.emoji2:emoji2:1.4.0] AndroidManifest.xml:26:13-68
179            android:exported="false" >
179-->[androidx.emoji2:emoji2:1.4.0] AndroidManifest.xml:27:13-37
180            <meta-data
180-->[androidx.emoji2:emoji2:1.4.0] AndroidManifest.xml:29:13-31:52
181                android:name="androidx.emoji2.text.EmojiCompatInitializer"
181-->[androidx.emoji2:emoji2:1.4.0] AndroidManifest.xml:30:17-75
182                android:value="androidx.startup" />
182-->[androidx.emoji2:emoji2:1.4.0] AndroidManifest.xml:31:17-49
183            <meta-data
183-->[androidx.lifecycle:lifecycle-process:2.9.4] AndroidManifest.xml:29:13-31:52
184                android:name="androidx.lifecycle.ProcessLifecycleInitializer"
184-->[androidx.lifecycle:lifecycle-process:2.9.4] AndroidManifest.xml:30:17-78
185                android:value="androidx.startup" />
185-->[androidx.lifecycle:lifecycle-process:2.9.4] AndroidManifest.xml:31:17-49
186            <meta-data
186-->[androidx.profileinstaller:profileinstaller:1.4.0] AndroidManifest.xml:29:13-31:52
187                android:name="androidx.profileinstaller.ProfileInstallerInitializer"
187-->[androidx.profileinstaller:profileinstaller:1.4.0] AndroidManifest.xml:30:17-85
188                android:value="androidx.startup" />
188-->[androidx.profileinstaller:profileinstaller:1.4.0] AndroidManifest.xml:31:17-49
189        </provider>
190
191        <activity
191-->[androidx.compose.ui:ui-tooling-android:1.9.0] AndroidManifest.xml:23:9-25:39
192            android:name="androidx.compose.ui.tooling.PreviewActivity"
192-->[androidx.compose.ui:ui-tooling-android:1.9.0] AndroidManifest.xml:24:13-71
193            android:exported="true" />
193-->[androidx.compose.ui:ui-tooling-android:1.9.0] AndroidManifest.xml:25:13-36
194
195        <service
195-->[androidx.room:room-runtime:2.6.1] AndroidManifest.xml:24:9-28:63
196            android:name="androidx.room.MultiInstanceInvalidationService"
196-->[androidx.room:room-runtime:2.6.1] AndroidManifest.xml:25:13-74
197            android:directBootAware="true"
197-->[androidx.room:room-runtime:2.6.1] AndroidManifest.xml:26:13-43
198            android:exported="false" />
198-->[androidx.room:room-runtime:2.6.1] AndroidManifest.xml:27:13-37
199
200        <receiver
200-->[androidx.profileinstaller:profileinstaller:1.4.0] AndroidManifest.xml:34:9-52:20
201            android:name="androidx.profileinstaller.ProfileInstallReceiver"
201-->[androidx.profileinstaller:profileinstaller:1.4.0] AndroidManifest.xml:35:13-76
202            android:directBootAware="false"
202-->[androidx.profileinstaller:profileinstaller:1.4.0] AndroidManifest.xml:36:13-44
203            android:enabled="true"
203-->[androidx.profileinstaller:profileinstaller:1.4.0] AndroidManifest.xml:37:13-35
204            android:exported="true"
204-->[androidx.profileinstaller:profileinstaller:1.4.0] AndroidManifest.xml:38:13-36
205            android:permission="android.permission.DUMP" >
205-->[androidx.profileinstaller:profileinstaller:1.4.0] AndroidManifest.xml:39:13-57
206            <intent-filter>
206-->[androidx.profileinstaller:profileinstaller:1.4.0] AndroidManifest.xml:40:13-42:29
207                <action android:name="androidx.profileinstaller.action.INSTALL_PROFILE" />
207-->[androidx.profileinstaller:profileinstaller:1.4.0] AndroidManifest.xml:41:17-91
207-->[androidx.profileinstaller:profileinstaller:1.4.0] AndroidManifest.xml:41:25-88
208            </intent-filter>
209            <intent-filter>
209-->[androidx.profileinstaller:profileinstaller:1.4.0] AndroidManifest.xml:43:13-45:29
210                <action android:name="androidx.profileinstaller.action.SKIP_FILE" />
210-->[androidx.profileinstaller:profileinstaller:1.4.0] AndroidManifest.xml:44:17-85
210-->[androidx.profileinstaller:profileinstaller:1.4.0] AndroidManifest.xml:44:25-82
211            </intent-filter>
212            <intent-filter>
212-->[androidx.profileinstaller:profileinstaller:1.4.0] AndroidManifest.xml:46:13-48:29
213                <action android:name="androidx.profileinstaller.action.SAVE_PROFILE" />
213-->[androidx.profileinstaller:profileinstaller:1.4.0] AndroidManifest.xml:47:17-88
213-->[androidx.profileinstaller:profileinstaller:1.4.0] AndroidManifest.xml:47:25-85
214            </intent-filter>
215            <intent-filter>
215-->[androidx.profileinstaller:profileinstaller:1.4.0] AndroidManifest.xml:49:13-51:29
216                <action android:name="androidx.profileinstaller.action.BENCHMARK_OPERATION" />
216-->[androidx.profileinstaller:profileinstaller:1.4.0] AndroidManifest.xml:50:17-95
216-->[androidx.profileinstaller:profileinstaller:1.4.0] AndroidManifest.xml:50:25-92
217            </intent-filter>
218        </receiver>
219
220        <activity
220-->[com.journeyapps:zxing-android-embedded:4.3.0] AndroidManifest.xml:47:9-53:63
221            android:name="com.journeyapps.barcodescanner.CaptureActivity"
221-->[com.journeyapps:zxing-android-embedded:4.3.0] AndroidManifest.xml:48:13-74
222            android:clearTaskOnLaunch="true"
222-->[com.journeyapps:zxing-android-embedded:4.3.0] AndroidManifest.xml:49:13-45
223            android:screenOrientation="sensorLandscape"
223-->[com.journeyapps:zxing-android-embedded:4.3.0] AndroidManifest.xml:50:13-56
224            android:stateNotNeeded="true"
224-->[com.journeyapps:zxing-android-embedded:4.3.0] AndroidManifest.xml:51:13-42
225            android:theme="@style/zxing_CaptureTheme"
225-->[com.journeyapps:zxing-android-embedded:4.3.0] AndroidManifest.xml:52:13-54
226            android:windowSoftInputMode="stateAlwaysHidden" />
226-->[com.journeyapps:zxing-android-embedded:4.3.0] AndroidManifest.xml:53:13-60
227    </application>
228
229</manifest>